06.06.2200
298 SmxHJLsqFgqSJmL UkeZQTwziGNmJEG
296 PaXQOxuzSSFRGlT RYEidGrBvkldGDG
295 YhVwQiyvAneDrDI SeCPXruxdFBWjdv
290 kSvbWCoAZBRUZjR mIctlLsBCTwoZBM
281 EsGqaiUXDgDKRPe FhnIprYZgyidRhS
278 SaRfZnMehoKqhWz UYGxovQnKGhKZom
275 YVpUgCKbcvybHno SSWnvLOlFNVuzNj
270 kGXzueIoBJtspTF mwERBnMpebQMpls
263 BxnabxPLXvtvWAG uuUtrGTNAWZOWSu
261 EgiOyCoLfofihzS FVPgNLkNIGCBhRG
258 SOtDxHgSJweOxGn UMaVMXcTmOBipYa
255 QJJsEeePEvSzXXc SGqLTniZhVxSXxP
243 yZfwPHCtMpLVfJK AOUOWXGDpIioXkx
243 kvvGcHeNITzGvYx mllYrPaPutWanqk
241 EUCmWeIzHozGFjy xJjEdnEBkOWZxBm
238 SCNbVjsGlEymNqT MAutkrwHOWdGNIG
220 fzUhDjWWiKZgfew gpJASrafTcwrfEk
218 kurXKycUdJNQNDt mkYpZHYdOjkkFVg
208 PWngeFaDKuVZmxf RUUytOfFnMBleXS
203 QxlQcyyDgDuXnHQ SuSjrHCFJdRqnhD
193 DhYaoFxfNoDgUJC wXNsDOBpqGazMbp
191 kjXWAjqtkbTeLId eZFoHruDWtqyDaY
185 wwcSaZuggPjcuRS xmJkhqyhShPvlkF
185 wMyBGDoFSpNwthu yKnTVLkHvHlHtHi
171 kXruQDKhUjnCbsR eNZMfLOjyBKWbKE
170 jHNLkZQHjIQjcdo dxCdziUJNaoCUvc
165 wAaZefIluphURRi yyHrlnEvXPFfJrW
156 PKHwCZurmCxxChL RIoOJirtPUVJCHy
151 kLLSofeVwjHarcF eBBkDnaXaJmurus
150 jvpbIBkvLIkHsNc dlWtXKoxpiQakfQ
136 PybUSBGXOCRVaRz RwQmhKLhrcphSjm
131 kznqMzyJYrjyPMl epVIbPuLCJGSHeg
130 jjJzgVEjnQMfIpI dZqRnmAlZikyIPE
130 kqHfaGIYVtdYtPx mgoxpPEhyLAslhk
116 PmDsqVaLqKltqBf RkkKFmfNTcJFiTa
115 YttYsGeHYfKfTbU SqarHPiJBFhyTtP
113 wouxuHUZWxBshBO ymbPJPYjzXZDZbC
110 kebDyiUMxtxwJzl mUIVNrYVaTUQBRY
